Arguments: 
  /opt/homebrew/Cellar/node@16/16.16.0/bin/node /opt/homebrew/bin/yarn install

PATH: 
  /opt/homebrew/opt/node@16/bin:/opt/homebrew/bin:/opt/homebrew/sbin:/usr/local/bin:/usr/bin:/bin:/usr/sbin:/sbin:/Library/Apple/usr/bin:/opt/homebrew/opt/node@16/bin:/opt/homebrew/bin:/opt/homebrew/sbin:/Users/asifanjum/.rvm/bin:/Users/asifanjum/.rvm/bin

Yarn version: 
  1.22.17

Node version: 
  16.16.0

Platform: 
  darwin arm64

Trace: 
  Invariant Violation: could not find a copy of react-native to link in /Users/asifanjum/Desktop/CityconexxNew/CiticonexxNew/node_modules/@siposdani87/expo-rich-text-editor/node_modules
      at invariant (/opt/homebrew/lib/node_modules/yarn/lib/cli.js:2314:15)
      at PackageLinker.<anonymous> (/opt/homebrew/lib/node_modules/yarn/lib/cli.js:48895:7)
      at Generator.next (<anonymous>)
      at step (/opt/homebrew/lib/node_modules/yarn/lib/cli.js:310:30)
      at /opt/homebrew/lib/node_modules/yarn/lib/cli.js:321:13
      at runMicrotasks (<anonymous>)
      at processTicksAndRejections (node:internal/process/task_queues:96:5)

npm manifest: 
  {
    "name": "cityconexxapp",
    "version": "1.0.0",
    "description": "Cityconexx",
    "main": "node_modules/expo/AppEntry.js",
    "scripts": {
      "start": "expo start",
      "android": "expo start --android",
      "ios": "expo start --ios",
      "web": "expo start --web"
    },
    "dependencies": {
      "@expo/vector-icons": "^13.0.0",
      "@react-native-async-storage/async-storage": "^1.17.10",
      "@react-native-community/datetimepicker": "6.2.0",
      "@react-native-community/netinfo": "9.3.0",
      "@react-navigation/bottom-tabs": "^6.4.0",
      "@react-navigation/native": "^6.0.12",
      "@react-navigation/stack": "^6.3.1",
      "@siposdani87/expo-rich-text-editor": "^0.8.0",
      "axios": "^0.27.2",
      "date-fns": "^2.29.3",
      "deprecated-react-native-prop-types": "^2.3.0",
      "expo": "~46.0.13",
      "expo-app-loading": "~2.1.0",
      "expo-background-fetch": "~10.3.0",
      "expo-barcode-scanner": "~11.4.0",
      "expo-camera": "~12.3.0",
      "expo-font": "~10.2.0",
      "expo-linear-gradient": "~11.4.0",
      "expo-location": "~14.3.0",
      "expo-notifications": "~0.16.1",
      "expo-sqlite": "~10.3.0",
      "expo-status-bar": "~1.4.0",
      "galio-framework": "^0.8.0",
      "moment": "^2.29.4",
      "react": "18.0.0",
      "react-native": "0.69.6",
      "react-native-chart-kit": "^6.12.0",
      "react-native-dropdown-picker": "^5.4.2",
      "react-native-loading-spinner-overlay": "^3.0.1",
      "react-native-modal": "^13.0.1",
      "react-native-modal-datetime-picker": "^14.0.0",
      "react-native-picker-select": "^8.0.4",
      "react-native-reanimated": "~2.9.1",
      "react-native-render-html": "^6.3.4",
      "react-native-screens": "~3.15.0",
      "react-native-shapes": "^0.1.0",
      "react-native-tab-view": "^3.2.1",
      "react-native-textarea": "^1.0.4",
      "react-native-toast-message": "^2.1.5"
    },
    "devDependencies": {
      "@babel/core": "^7.12.9"
    },
    "private": true
  }

yarn manifest: 
  No manifest

Lockfile: 
  No lockfile
